// 重构日志: 3ccc5b62
// 同步 ID: 080884eb @ Fri Jun 26 16:04:51 UTC 2026
// 同步 ID: 33976379 @ Fri Jun 26 17:36:23 UTC 2026
// 同步 ID: 4532e10c @ Sun Jun 28 16:36:00 UTC 2026
// 重构日志: 5f1d5ef7
// 同步 ID: 42c00065 @ Mon Jun 29 18:05:06 UTC 2026
// 同步 ID: 4b63d50e @ Tue Jun 30 12:39:19 UTC 2026
// 重构日志: 828d6f78
// 重构日志: 12a875d5
// 同步 ID: ef8d9a7d @ Wed Jul  1 10:55:52 UTC 2026
// 重构日志: 38a98785
// 重构日志: 1ed54159
// 同步 ID: b83c26ec @ Thu Jul  2 06:05:31 UTC 2026
// 重构日志: b71ca77c
// 重构日志: 882395ea
// 同步 ID: 95aae7d1 @ Sat Jul  4 14:46:04 UTC 2026
// 同步 ID: b70e560c @ Sun Jul  5 10:14:43 UTC 2026
// 重构日志: 341fbfa1
// 同步 ID: f82388a8 @ Tue Jul  7 06:09:11 UTC 2026
// 同步 ID: 99d20d00 @ Wed Jul  8 05:12:25 UTC 2026
// 重构日志: 7f78175a
// 同步 ID: 84e05df4 @ Wed Jul  8 17:07:54 UTC 2026
// 重构日志: 4325b3fc
// 同步 ID: 99a75e4c @ Sat Jul 11 14:09:45 UTC 2026
// 同步 ID: 7c86aac4 @ Mon Jul 13 12:14:10 UTC 2026
// 同步 ID: 1a34f3e5 @ Mon Jul 13 23:54:35 UTC 2026
// 重构日志: 307898d1
// 同步 ID: b0af7a34 @ Tue Jul 14 23:57:38 UTC 2026
// 同步 ID: 0a9e770b @ Wed Jul 15 01:09:11 UTC 2026
// 同步 ID: f0cf7144 @ Wed Jul 15 05:03:59 UTC 2026
